2025-07-14 22:27:56,788 INFO : exp_name: default_DRL
2025-07-14 22:27:56,788 INFO : net: resnet152
2025-07-14 22:27:56,788 INFO : possion_lambda: 200
2025-07-14 22:27:56,788 INFO : num_channels: 10
2025-07-14 22:27:56,788 INFO : num_users: 10
2025-07-14 22:27:56,788 INFO : num_user_state: 4
2025-07-14 22:27:56,788 INFO : pmax: 3
2025-07-14 22:27:56,788 INFO : dmax: 100
2025-07-14 22:27:56,788 INFO : dmin: 1
2025-07-14 22:27:56,788 INFO : beta: 0.5
2025-07-14 22:27:56,788 INFO : path_loss_exponent: 3
2025-07-14 22:27:56,789 INFO : width: 10000000.0
2025-07-14 22:27:56,789 INFO : noise: 1e-09
2025-07-14 22:27:56,789 INFO : lr_a: 0.0005
2025-07-14 22:27:56,789 INFO : lr_c: 0.001
2025-07-14 22:27:56,789 INFO : max_global_step: 50000
2025-07-14 22:27:56,789 INFO : gamma: 0.99
2025-07-14 22:27:56,789 INFO : slot_time: 0.6
2025-07-14 22:27:56,789 INFO : repeat_time: 20
2025-07-14 22:27:56,789 INFO : step: 500
2025-07-14 22:27:56,791 INFO : batch_size: 64
2025-07-14 22:27:56,791 INFO : lam: 0.97
2025-07-14 22:27:56,791 INFO : eps_clip: 0.2
2025-07-14 22:27:56,791 INFO : w_entropy: 0.05
2025-07-14 22:27:58,422 INFO : step 0, reward -155.6507, (0.348168s, 710.610540s, 25.480562j, 52005.826801j,)/task/device, 2041 tasks finished
2025-07-14 22:27:58,514 INFO : step 1, reward -91.2876, (0.281318s, 573.044781s, 17.628171j, 35908.585154j,)/task/device, 2037 tasks finished
2025-07-14 22:27:58,599 INFO : step 2, reward -85.3503, (0.281444s, 559.229496s, 16.348968j, 32485.400394j,)/task/device, 1987 tasks finished
2025-07-14 22:27:58,679 INFO : step 3, reward -48.4401, (0.201948s, 396.423358s, 12.614674j, 24762.604251j,)/task/device, 1963 tasks finished
2025-07-14 22:27:58,761 INFO : step 4, reward -52.1103, (0.219331s, 429.010680s, 12.908374j, 25248.778618j,)/task/device, 1956 tasks finished
2025-07-14 22:27:58,845 INFO : step 5, reward -52.2739, (0.218032s, 422.982550s, 13.205604j, 25618.872224j,)/task/device, 1940 tasks finished
2025-07-14 22:27:58,930 INFO : step 6, reward -50.8855, (0.217558s, 448.170460s, 11.875663j, 24463.866310j,)/task/device, 2060 tasks finished
2025-07-14 22:27:59,013 INFO : step 7, reward -76.2746, (0.259897s, 536.687529s, 14.029439j, 28970.790541j,)/task/device, 2065 tasks finished
2025-07-14 22:27:59,097 INFO : step 8, reward -59.4513, (0.232472s, 472.847880s, 13.569816j, 27601.005868j,)/task/device, 2034 tasks finished
2025-07-14 22:27:59,179 INFO : step 9, reward -76.7276, (0.279263s, 545.121931s, 14.353706j, 28018.434188j,)/task/device, 1952 tasks finished
2025-07-14 22:27:59,263 INFO : step 10, reward -89.3416, (0.305368s, 622.950804s, 13.857910j, 28270.136815j,)/task/device, 2040 tasks finished
2025-07-14 22:27:59,338 INFO : step 11, reward -71.7910, (0.303444s, 576.847638s, 11.239635j, 21366.545358j,)/task/device, 1901 tasks finished
2025-07-14 22:27:59,420 INFO : step 12, reward -83.8810, (0.310808s, 653.628241s, 11.085112j, 23311.990005j,)/task/device, 2103 tasks finished
2025-07-14 22:27:59,490 INFO : step 13, reward -81.0580, (0.309188s, 614.356344s, 11.007566j, 21872.033982j,)/task/device, 1987 tasks finished
2025-07-14 22:27:59,571 INFO : step 14, reward -84.0882, (0.306460s, 650.001013s, 10.845575j, 23003.463645j,)/task/device, 2121 tasks finished
2025-07-14 22:27:59,651 INFO : step 15, reward -82.4642, (0.310877s, 628.903244s, 11.074217j, 22403.140324j,)/task/device, 2023 tasks finished
2025-07-14 22:27:59,728 INFO : step 16, reward -96.5224, (0.347551s, 682.937686s, 11.412317j, 22425.203188j,)/task/device, 1965 tasks finished
2025-07-14 22:27:59,805 INFO : step 17, reward -107.7350, (0.366935s, 735.705588s, 12.099639j, 24259.776324j,)/task/device, 2005 tasks finished
2025-07-14 22:27:59,885 INFO : step 18, reward -125.9642, (0.405842s, 814.525806s, 12.299038j, 24684.170245j,)/task/device, 2007 tasks finished
2025-07-14 22:27:59,961 INFO : step 19, reward -123.8440, (0.406465s, 793.419443s, 12.224468j, 23862.160631j,)/task/device, 1952 tasks finished
2025-07-14 22:28:00,042 INFO : step 20, reward -124.6950, (0.405647s, 789.795558s, 12.605507j, 24542.921157j,)/task/device, 1947 tasks finished
2025-07-14 22:28:00,119 INFO : step 21, reward -127.8939, (0.408581s, 809.399451s, 13.062644j, 25877.097872j,)/task/device, 1981 tasks finished
2025-07-14 22:28:00,199 INFO : step 22, reward -154.5043, (0.447407s, 888.998652s, 13.353575j, 26533.552953j,)/task/device, 1987 tasks finished
2025-07-14 22:28:00,279 INFO : step 23, reward -175.1938, (0.488496s, 958.916961s, 14.188260j, 27851.554666j,)/task/device, 1963 tasks finished
2025-07-14 22:28:00,358 INFO : step 24, reward -168.7937, (0.485236s, 961.737969s, 13.350207j, 26460.110984j,)/task/device, 1982 tasks finished
2025-07-14 22:28:00,458 INFO : step 25, reward -179.7344, (0.502729s, 976.801522s, 14.042885j, 27285.325045j,)/task/device, 1943 tasks finished
2025-07-14 22:28:00,535 INFO : step 26, reward -195.5298, (0.513226s, 1035.689773s, 14.271891j, 28800.677014j,)/task/device, 2018 tasks finished
2025-07-14 22:28:00,661 INFO : step 27, reward -179.8256, (0.506929s, 1008.281733s, 13.611835j, 27073.940494j,)/task/device, 1989 tasks finished
2025-07-14 22:28:00,742 INFO : step 28, reward -211.6930, (0.528695s, 1097.570676s, 14.267552j, 29619.438610j,)/task/device, 2076 tasks finished
2025-07-14 22:28:00,826 INFO : step 29, reward -221.1785, (0.544247s, 1119.516552s, 14.652939j, 30141.094619j,)/task/device, 2057 tasks finished
2025-07-14 22:28:00,904 INFO : step 30, reward -226.9856, (0.581009s, 1114.956604s, 15.266859j, 29297.101971j,)/task/device, 1919 tasks finished
2025-07-14 22:28:00,987 INFO : step 31, reward -232.4641, (0.586244s, 1150.796590s, 14.822527j, 29096.620408j,)/task/device, 1963 tasks finished
2025-07-14 22:28:01,077 INFO : step 32, reward -258.8402, (0.610092s, 1214.082112s, 15.974310j, 31788.876668j,)/task/device, 1990 tasks finished
2025-07-14 22:28:01,162 INFO : step 33, reward -236.5183, (0.602788s, 1151.927028s, 15.069412j, 28797.646841j,)/task/device, 1911 tasks finished
2025-07-14 22:28:01,249 INFO : step 34, reward -252.9655, (0.609792s, 1193.972613s, 15.898515j, 31129.291449j,)/task/device, 1958 tasks finished
2025-07-14 22:28:01,364 INFO : step 35, reward -265.6058, (0.624177s, 1236.494251s, 16.114888j, 31923.592166j,)/task/device, 1981 tasks finished
2025-07-14 22:28:01,482 INFO : step 36, reward -288.5834, (0.661928s, 1299.364855s, 16.317327j, 32030.913537j,)/task/device, 1963 tasks finished
2025-07-14 22:28:01,557 INFO : step 37, reward -304.5359, (0.686655s, 1334.856395s, 16.730937j, 32524.940826j,)/task/device, 1944 tasks finished
2025-07-14 22:28:01,677 INFO : step 38, reward -328.2538, (0.707321s, 1418.886326s, 17.355999j, 34816.134027j,)/task/device, 2006 tasks finished
2025-07-14 22:28:01,773 INFO : step 39, reward -336.3576, (0.705714s, 1481.293008s, 17.210875j, 36125.627102j,)/task/device, 2099 tasks finished
2025-07-14 22:28:01,859 INFO : step 40, reward -313.9746, (0.706168s, 1353.724699s, 17.140247j, 32857.853344j,)/task/device, 1917 tasks finished
2025-07-14 22:28:01,941 INFO : step 41, reward -364.4444, (0.780425s, 1547.582969s, 18.727320j, 37136.275388j,)/task/device, 1983 tasks finished
2025-07-14 22:28:02,024 INFO : step 42, reward -386.7946, (0.791344s, 1624.629063s, 19.133290j, 39280.644156j,)/task/device, 2053 tasks finished
2025-07-14 22:28:02,104 INFO : step 43, reward -378.9972, (0.782901s, 1606.513801s, 18.558707j, 38082.467764j,)/task/device, 2052 tasks finished
2025-07-14 22:28:02,191 INFO : step 44, reward -397.5434, (0.806671s, 1710.948450s, 18.608832j, 39469.333399j,)/task/device, 2121 tasks finished
2025-07-14 22:28:02,275 INFO : step 45, reward -372.5054, (0.801953s, 1584.658422s, 18.289255j, 36139.567793j,)/task/device, 1976 tasks finished
2025-07-14 22:28:02,357 INFO : step 46, reward -360.4556, (0.802430s, 1554.307850s, 17.192681j, 33302.224061j,)/task/device, 1937 tasks finished
2025-07-14 22:28:02,437 INFO : step 47, reward -363.7189, (0.797991s, 1609.547128s, 16.160828j, 32596.390895j,)/task/device, 2017 tasks finished
2025-07-14 22:28:02,525 INFO : step 48, reward -380.8667, (0.820607s, 1687.989253s, 16.299155j, 33527.361760j,)/task/device, 2057 tasks finished
2025-07-14 22:28:02,613 INFO : step 49, reward -381.3971, (0.845014s, 1740.729453s, 15.937098j, 32830.422550j,)/task/device, 2060 tasks finished
